<?xml version="1.0" encoding="UTF-8" ?>
<testsuite failures="0" time="0.037" errors="0" skipped="0" tests="7" name="com.designhaiku.karate.BinarySearchTest">
  <properties>
[...]
</properties>
  <testcase time="0.002" classname="com.designhaiku.karate.BinarySearchTest" name="successfullySearchEmptyArrayAndReturnNotFound"/>
  <testcase time="0" classname="com.designhaiku.karate.BinarySearchTest" name="successfullySearchSingleElementArrayAndReturnFirstIndex"/>
  <testcase time="0" classname="com.designhaiku.karate.BinarySearchTest" name="successfullySearchTwoElementArrayAndReturnSecondIndex"/>
  <testcase time="0" classname="com.designhaiku.karate.BinarySearchTest" name="successfullySearchTwoElementArrayWithValueNotInArray"/>
  <testcase time="0" classname="com.designhaiku.karate.BinarySearchTest" name="successfullySearchNullArrayWithReturnNotFound"/>
  <testcase time="0" classname="com.designhaiku.karate.BinarySearchTest" name="successfullySearchMultipleValueArrayWhenSearchingNegativeNumber"/>
  <testcase time="0" classname="com.designhaiku.karate.BinarySearchTest" name="successfullySearchMultipleValueArrayWithSameValuesAndReturnFirstIndex"/>
</testsuite>